[2023-04-21 00:04:28] INFO root fetch - main [MainThread]: Get Changelog since Serial: [17794629]
[2023-04-21 00:04:33] INFO root fetch - main [MainThread]: Found 11 changed packages
[2023-04-21 00:04:33] INFO root fetch - processPackages [ThreadPoolExecutor-0_0]: Start processing: cmake-pre-commit-hooks
[2023-04-21 00:04:33] INFO root fetch - processPackages [ThreadPoolExecutor-0_1]: Start processing: jinjamator
[2023-04-21 00:04:33] INFO root fetch - processPackages [ThreadPoolExecutor-0_2]: Start processing: dingo-gw
[2023-04-21 00:04:33] INFO root fetch - processPackages [ThreadPoolExecutor-0_3]: Start processing: discord-qalib
[2023-04-21 00:04:33] INFO root fetch - processPackages [ThreadPoolExecutor-0_4]: Start processing: scipion-em-xmipptomo
[2023-04-21 00:04:33] INFO root fetch - processPackages [ThreadPoolExecutor-0_5]: Start processing: pre-commit-update
[2023-04-21 00:04:33] INFO root fetch - processPackages [ThreadPoolExecutor-0_6]: Start processing: voip-utils
[2023-04-21 00:04:33] INFO root fetch - processPackages [ThreadPoolExecutor-0_7]: Start processing: lift.bot
[2023-04-21 00:04:33] INFO root fetch - processPackages [ThreadPoolExecutor-0_8]: Start processing: goodai-ltm
[2023-04-21 00:04:33] INFO root fetch - processPackages [ThreadPoolExecutor-0_9]: Start processing: faker-file
[2023-04-21 00:04:33] INFO root fetch - processPackages [discord-qalib]: New version: [2.1.0] Old Version: [2.0.0]
[2023-04-21 00:04:33] INFO root fetch - processPackages [lift.bot]: New version: [15.5.1] Old Version: [15.3.5]
[2023-04-21 00:04:33] INFO root fetch - processPackages [goodai-ltm]: New version: [0.0.8] Old Version: [0.0.7]
[2023-04-21 00:04:33] INFO root fetch - processPackages [faker-file]: New version: [0.9.3] Old Version: [0.9.2]
[2023-04-21 00:04:33] INFO root fetch - processPackages [voip-utils]: New version: [0.0.4] Old Version: [0.0.3]
[2023-04-21 00:04:33] INFO root fetch - processPackages [cmake-pre-commit-hooks]: New version: [1.8.1] Old Version: [1.8.0]
[2023-04-21 00:04:33] INFO root fetch - processPackages [scipion-em-xmipptomo]: New version: [3.23.3.4] Old Version: [3.23.3.3]
[2023-04-21 00:04:33] INFO root fetch - processPackages [faker-file]: executing diffoscope
[2023-04-21 00:04:33] INFO root fetch - processPackages [faker-file]: podman run --user 0:0 --rm -w /home/abi/fetcher -v /home/abi/fetcher/tmp:/home/abi/fetcher/tmp:ro -v /home/abi/fetcher/20230421:/home/abi/fetcher/20230421:rw registry.salsa.debian.org/reproducible-builds/diffoscope --no-progress tmp/faker-file-0.9.2.tar.gz tmp/faker-file-0.9.3.tar.gz --markdown 20230421/f/faker-file/0.9.2-0.9.3/diff.md --exclude *.pyd
[2023-04-21 00:04:33] INFO root fetch - processPackages [voip-utils]: executing diffoscope
[2023-04-21 00:04:33] INFO root fetch - processPackages [dingo-gw]: New version: [0.5.0] Old Version: [0.4.3]
[2023-04-21 00:04:33] INFO root fetch - processPackages [voip-utils]: podman run --user 0:0 --rm -w /home/abi/fetcher -v /home/abi/fetcher/tmp:/home/abi/fetcher/tmp:ro -v /home/abi/fetcher/20230421:/home/abi/fetcher/20230421:rw registry.salsa.debian.org/reproducible-builds/diffoscope --no-progress tmp/voip-utils-0.0.3.tar.gz tmp/voip-utils-0.0.4.tar.gz --markdown 20230421/v/voip-utils/0.0.3-0.0.4/diff.md --exclude *.pyd
[2023-04-21 00:04:33] INFO root fetch - processPackages [jinjamator]: New version: [0.9.9] Old Version: [0.9.88.1]
[2023-04-21 00:04:33] INFO root fetch - processPackages [pre-commit-update]: New version: [0.0.6] Old Version: [0.0.5]
[2023-04-21 00:04:33] INFO root fetch - processPackages [discord-qalib]: executing diffoscope
[2023-04-21 00:04:33] INFO root fetch - processPackages [discord-qalib]: podman run --user 0:0 --rm -w /home/abi/fetcher -v /home/abi/fetcher/tmp:/home/abi/fetcher/tmp:ro -v /home/abi/fetcher/20230421:/home/abi/fetcher/20230421:rw registry.salsa.debian.org/reproducible-builds/diffoscope --no-progress tmp/discord-qalib-2.0.0.tar.gz tmp/discord-qalib-2.1.0.tar.gz --markdown 20230421/d/discord-qalib/2.0.0-2.1.0/diff.md --exclude *.pyd
[2023-04-21 00:04:33] INFO root fetch - processPackages [lift.bot]: executing diffoscope
[2023-04-21 00:04:33] INFO root fetch - processPackages [lift.bot]: podman run --user 0:0 --rm -w /home/abi/fetcher -v /home/abi/fetcher/tmp:/home/abi/fetcher/tmp:ro -v /home/abi/fetcher/20230421:/home/abi/fetcher/20230421:rw registry.salsa.debian.org/reproducible-builds/diffoscope --no-progress tmp/lift.bot-15.3.5.tar.gz tmp/lift.bot-15.5.1.tar.gz --markdown 20230421/l/lift.bot/15.3.5-15.5.1/diff.md --exclude *.pyd
[2023-04-21 00:04:33] INFO root fetch - processPackages [goodai-ltm]: Downloading https://files.pythonhosted.org/packages/35/24/26bf33d267c32c6f97d7b39866462c3965e6ea449df41e58a658a9f04b65/goodai-ltm-0.0.8.tar.gz
[2023-04-21 00:04:33] INFO root fetch - processPackages [jinjamator]: Downloading https://files.pythonhosted.org/packages/78/31/b2a78792030bc87718539789ce24688e6d5246e28c8c8a6e998951871558/jinjamator-0.9.88.1-py3-none-any.whl
[2023-04-21 00:04:33] INFO root fetch - processPackages [dingo-gw]: Downloading https://files.pythonhosted.org/packages/81/de/cb3c2db7325e5fcaa9bdcabcbc238ce069376cbf437188ab1a31683ebfe4/dingo-gw-0.4.3.tar.gz
[2023-04-21 00:04:34] INFO root fetch - processPackages [pre-commit-update]: Downloading https://files.pythonhosted.org/packages/8e/89/ea3322bb74ee1c04d4a8695aa558cf77ebd1477b21da708d8a8da0e7a77b/pre_commit_update-0.0.5.tar.gz
[2023-04-21 00:04:34] INFO root fetch - processPackages [cmake-pre-commit-hooks]: Downloading https://files.pythonhosted.org/packages/4b/bd/74fcba577d23a2d0600674d40ba5b1b6ee5a82563294ce9b94564731cb0b/cmake_pre_commit_hooks-1.8.0.tar.gz
[2023-04-21 00:04:34] WARNING root fetch - processPackages [jinjamator]: Skipping package: exceeds size limit 10805488>=10485760
[2023-04-21 00:04:34] INFO root fetch - processPackages [jinjamator]: Start processing: empiric-network
[2023-04-21 00:04:34] INFO root fetch - main [MainThread]: End processing [jinjamator] error
[2023-04-21 00:04:34] INFO root fetch - processPackages [scipion-em-xmipptomo]: Downloading https://files.pythonhosted.org/packages/36/50/8aefa8aef28ce23ad2c782d2c9b1962d3e16f702f03f8293ed00b3d08720/scipion-em-xmipptomo-3.23.3.4.tar.gz
[2023-04-21 00:04:34] INFO root fetch - processPackages [empiric-network]: New version: [1.4.9] Old Version: [1.4.8]
[2023-04-21 00:04:34] INFO root fetch - processPackages [goodai-ltm]: executing diffoscope
[2023-04-21 00:04:34] INFO root fetch - processPackages [goodai-ltm]: podman run --user 0:0 --rm -w /home/abi/fetcher -v /home/abi/fetcher/tmp:/home/abi/fetcher/tmp:ro -v /home/abi/fetcher/20230421:/home/abi/fetcher/20230421:rw registry.salsa.debian.org/reproducible-builds/diffoscope --no-progress tmp/goodai-ltm-0.0.7.tar.gz tmp/goodai-ltm-0.0.8.tar.gz --markdown 20230421/g/goodai-ltm/0.0.7-0.0.8/diff.md --exclude *.pyd
[2023-04-21 00:04:34] INFO root fetch - processPackages [empiric-network]: executing diffoscope
[2023-04-21 00:04:34] INFO root fetch - processPackages [empiric-network]: podman run --user 0:0 --rm -w /home/abi/fetcher -v /home/abi/fetcher/tmp:/home/abi/fetcher/tmp:ro -v /home/abi/fetcher/20230421:/home/abi/fetcher/20230421:rw registry.salsa.debian.org/reproducible-builds/diffoscope --no-progress tmp/empiric_network-1.4.8.tar.gz tmp/empiric_network-1.4.9.tar.gz --markdown 20230421/e/empiric-network/1.4.8-1.4.9/diff.md --exclude *.pyd
[2023-04-21 00:04:34] INFO root fetch - processPackages [cmake-pre-commit-hooks]: Downloading https://files.pythonhosted.org/packages/b9/29/2a2a7aebfd42ccfc94cae3a6e8abd9591860bb577de92695ef68e41ba9ac/cmake_pre_commit_hooks-1.8.1.tar.gz
[2023-04-21 00:04:34] INFO root fetch - processPackages [scipion-em-xmipptomo]: executing diffoscope
[2023-04-21 00:04:34] INFO root fetch - processPackages [scipion-em-xmipptomo]: podman run --user 0:0 --rm -w /home/abi/fetcher -v /home/abi/fetcher/tmp:/home/abi/fetcher/tmp:ro -v /home/abi/fetcher/20230421:/home/abi/fetcher/20230421:rw registry.salsa.debian.org/reproducible-builds/diffoscope --no-progress tmp/scipion-em-xmipptomo-3.23.3.3.tar.gz tmp/scipion-em-xmipptomo-3.23.3.4.tar.gz --markdown 20230421/s/scipion-em-xmipptomo/3.23.3.3-3.23.3.4/diff.md --exclude *.pyd
[2023-04-21 00:04:34] INFO root fetch - processPackages [pre-commit-update]: Downloading https://files.pythonhosted.org/packages/da/eb/fa652ccbaa6d74fccd0ecccdc6816699e2822442c7d72baed96c5a2cbac3/pre_commit_update-0.0.6.tar.gz
[2023-04-21 00:04:34] INFO root fetch - processPackages [dingo-gw]: Downloading https://files.pythonhosted.org/packages/0c/c7/f65b0bc9a790e402664b7fee2fe5a1830d6af10116ebafaa52d03cf6f63a/dingo-gw-0.5.0.tar.gz
[2023-04-21 00:04:34] INFO root fetch - processPackages [cmake-pre-commit-hooks]: executing diffoscope
[2023-04-21 00:04:34] INFO root fetch - processPackages [cmake-pre-commit-hooks]: podman run --user 0:0 --rm -w /home/abi/fetcher -v /home/abi/fetcher/tmp:/home/abi/fetcher/tmp:ro -v /home/abi/fetcher/20230421:/home/abi/fetcher/20230421:rw registry.salsa.debian.org/reproducible-builds/diffoscope --no-progress tmp/cmake_pre_commit_hooks-1.8.0.tar.gz tmp/cmake_pre_commit_hooks-1.8.1.tar.gz --markdown 20230421/c/cmake-pre-commit-hooks/1.8.0-1.8.1/diff.md --exclude *.pyd
[2023-04-21 00:04:34] INFO root fetch - processPackages [pre-commit-update]: executing diffoscope
[2023-04-21 00:04:34] INFO root fetch - processPackages [pre-commit-update]: podman run --user 0:0 --rm -w /home/abi/fetcher -v /home/abi/fetcher/tmp:/home/abi/fetcher/tmp:ro -v /home/abi/fetcher/20230421:/home/abi/fetcher/20230421:rw registry.salsa.debian.org/reproducible-builds/diffoscope --no-progress tmp/pre_commit_update-0.0.5.tar.gz tmp/pre_commit_update-0.0.6.tar.gz --markdown 20230421/p/pre-commit-update/0.0.5-0.0.6/diff.md --exclude *.pyd
[2023-04-21 00:04:34] INFO root fetch - processPackages [dingo-gw]: executing diffoscope
[2023-04-21 00:04:34] INFO root fetch - processPackages [dingo-gw]: podman run --user 0:0 --rm -w /home/abi/fetcher -v /home/abi/fetcher/tmp:/home/abi/fetcher/tmp:ro -v /home/abi/fetcher/20230421:/home/abi/fetcher/20230421:rw registry.salsa.debian.org/reproducible-builds/diffoscope --no-progress tmp/dingo-gw-0.4.3.tar.gz tmp/dingo-gw-0.5.0.tar.gz --markdown 20230421/d/dingo-gw/0.4.3-0.5.0/diff.md --exclude *.pyd
[2023-04-21 00:04:35] INFO root fetch - main [MainThread]: End processing [voip-utils]: success
[2023-04-21 00:04:35] INFO root fetch - main [MainThread]: End processing [lift.bot]: success
[2023-04-21 00:04:35] INFO root fetch - main [MainThread]: End processing [discord-qalib]: success
[2023-04-21 00:04:36] INFO root fetch - main [MainThread]: End processing [pre-commit-update]: success
[2023-04-21 00:04:36] INFO root fetch - main [MainThread]: End processing [faker-file]: success
[2023-04-21 00:04:37] INFO root fetch - main [MainThread]: End processing [cmake-pre-commit-hooks]: success
[2023-04-21 00:04:37] INFO root fetch - main [MainThread]: End processing [dingo-gw]: success
[2023-04-21 00:04:37] INFO root fetch - main [MainThread]: End processing [empiric-network]: success
[2023-04-21 00:04:37] INFO root fetch - main [MainThread]: End processing [goodai-ltm]: success
[2023-04-21 00:04:38] INFO root fetch - main [MainThread]: End processing [scipion-em-xmipptomo]: success
[2023-04-21 00:04:38] INFO root fetch - main [MainThread]: Store serial: [17794663]
[2023-04-21 00:09:42] INFO root fetch - main [MainThread]: Get Changelog since Serial: [17794663]
[2023-04-21 00:09:47] INFO root fetch - main [MainThread]: Found 9 changed packages
[2023-04-21 00:09:47] INFO root fetch - processPackages [ThreadPoolExecutor-0_0]: Start processing: charmr
[2023-04-21 00:09:47] INFO root fetch - processPackages [ThreadPoolExecutor-0_1]: Start processing: buildflow
[2023-04-21 00:09:47] INFO root fetch - processPackages [ThreadPoolExecutor-0_2]: Start processing: volttron-lib-base-historian
[2023-04-21 00:09:47] INFO root fetch - processPackages [ThreadPoolExecutor-0_3]: Start processing: odoo-addon-purchase-allowed-product
[2023-04-21 00:09:47] INFO root fetch - processPackages [ThreadPoolExecutor-0_4]: Start processing: odoo-addon-mrp-subcontracting-no-negative
[2023-04-21 00:09:47] INFO root fetch - processPackages [ThreadPoolExecutor-0_5]: Start processing: airflow-metrics-gbq
[2023-04-21 00:09:47] INFO root fetch - processPackages [ThreadPoolExecutor-0_6]: Start processing: canopy-viz
[2023-04-21 00:09:47] INFO root fetch - processPackages [ThreadPoolExecutor-0_7]: Start processing: pepperize.cdk-serverless-cluster-from-snapshot
[2023-04-21 00:09:47] INFO root fetch - processPackages [ThreadPoolExecutor-0_8]: Start processing: discord-qalib
[2023-04-21 00:09:47] INFO root fetch - processPackages [pepperize.cdk-serverless-cluster-from-snapshot]: New version: [0.0.99] Old Version: [0.0.98]
[2023-04-21 00:09:47] INFO root fetch - processPackages [buildflow]: New version: [0.0.9] Old Version: [0.0.8]
[2023-04-21 00:09:47] INFO root fetch - processPackages [discord-qalib]: New version: [2.1.1] Old Version: [2.1.0]
[2023-04-21 00:09:47] INFO root fetch - processPackages [volttron-lib-base-historian]: New version: [0.2.0rc2] Old Version: [0.2.0rc1]
[2023-04-21 00:09:47] INFO root fetch - processPackages [charmr]: New version: [1.0.7] Old Version: [1.0.6]
[2023-04-21 00:09:47] WARNING root fetch - processPackages [odoo-addon-mrp-subcontracting-no-negative]: Skipping, unable to determine old version
[2023-04-21 00:09:47] INFO root fetch - processPackages [airflow-metrics-gbq]: New version: [0.0.4a0] Old Version: [0.0.3a1]
[2023-04-21 00:09:47] INFO root fetch - main [MainThread]: End processing [odoo-addon-mrp-subcontracting-no-negative] error
[2023-04-21 00:09:47] INFO root fetch - processPackages [odoo-addon-purchase-allowed-product]: New version: [16.0.2.0.0] Old Version: [16.0.1.0.0.6]
[2023-04-21 00:09:47] INFO root fetch - processPackages [canopy-viz]: New version: [0.2] Old Version: [0.1.2]
[2023-04-21 00:09:47] INFO root fetch - processPackages [pepperize.cdk-serverless-cluster-from-snapshot]: executing diffoscope
[2023-04-21 00:09:47] INFO root fetch - processPackages [pepperize.cdk-serverless-cluster-from-snapshot]: podman run --user 0:0 --rm -w /home/abi/fetcher -v /home/abi/fetcher/tmp:/home/abi/fetcher/tmp:ro -v /home/abi/fetcher/20230421:/home/abi/fetcher/20230421:rw registry.salsa.debian.org/reproducible-builds/diffoscope --no-progress tmp/pepperize.cdk-serverless-cluster-from-snapshot-0.0.98.tar.gz tmp/pepperize.cdk-serverless-cluster-from-snapshot-0.0.99.tar.gz --markdown 20230421/p/pepperize.cdk-serverless-cluster-from-snapshot/0.0.98-0.0.99/diff.md --exclude *.pyd
[2023-04-21 00:09:47] INFO root fetch - processPackages [buildflow]: Downloading https://files.pythonhosted.org/packages/90/c0/5134603651f48bdedd45ca5d4d71204578188d7762c9644de64d8e20b6dc/buildflow-0.0.8.tar.gz
[2023-04-21 00:09:47] INFO root fetch - processPackages [volttron-lib-base-historian]: Downloading https://files.pythonhosted.org/packages/cb/8b/10a9a752c68bf6a0c2e7998d1aa219f529ea064ce08201ddadc91098ab3b/volttron_lib_base_historian-0.2.0rc1.tar.gz
[2023-04-21 00:09:47] INFO root fetch - processPackages [odoo-addon-purchase-allowed-product]: Downloading https://files.pythonhosted.org/packages/e1/3e/eedc69d29b682e825719164ce4a128880d1eed28a3604ad8b7ac1db56c9d/odoo_addon_purchase_allowed_product-16.0.1.0.0.6-py3-none-any.whl
[2023-04-21 00:09:47] INFO root fetch - processPackages [canopy-viz]: Downloading https://files.pythonhosted.org/packages/aa/e9/ba0897ae580f0c02d859c803b903778ebf7754200ac4f80aa5d9fe9a898e/canopy-viz-0.1.2.tar.gz
[2023-04-21 00:09:47] INFO root fetch - processPackages [discord-qalib]: Downloading https://files.pythonhosted.org/packages/cb/3a/11134799cfcc5a300b79e6b032e32cbdc3edc40c1b6d5a2e7001eaae92f7/discord-qalib-2.1.1.tar.gz
[2023-04-21 00:09:47] INFO root fetch - processPackages [charmr]: Downloading https://files.pythonhosted.org/packages/d5/b6/114a8d05d7fcaf7a479f1c6df2ecb08bcae447b1935475331f6c69da54b7/charmr-1.0.7.tar.gz
[2023-04-21 00:09:47] INFO root fetch - processPackages [airflow-metrics-gbq]: Downloading https://files.pythonhosted.org/packages/e1/1a/1be6613e1770521734977bcee91937455105e4b5db68d780cc35ebe03801/airflow_metrics_gbq-0.0.4a0.tar.gz
[2023-04-21 00:09:47] INFO root fetch - processPackages [discord-qalib]: executing diffoscope
[2023-04-21 00:09:47] INFO root fetch - processPackages [discord-qalib]: podman run --user 0:0 --rm -w /home/abi/fetcher -v /home/abi/fetcher/tmp:/home/abi/fetcher/tmp:ro -v /home/abi/fetcher/20230421:/home/abi/fetcher/20230421:rw registry.salsa.debian.org/reproducible-builds/diffoscope --no-progress tmp/discord-qalib-2.1.0.tar.gz tmp/discord-qalib-2.1.1.tar.gz --markdown 20230421/d/discord-qalib/2.1.0-2.1.1/diff.md --exclude *.pyd
[2023-04-21 00:09:47] INFO root fetch - processPackages [odoo-addon-purchase-allowed-product]: Downloading https://files.pythonhosted.org/packages/4a/af/647911d190dbcf7e4c1a7163d3e309ff8f30ec8c8ed81c94951b153dee44/odoo_addon_purchase_allowed_product-16.0.2.0.0-py3-none-any.whl
[2023-04-21 00:09:47] INFO root fetch - processPackages [buildflow]: Downloading https://files.pythonhosted.org/packages/af/35/66dba866281af8678e730ce14cf15b13dc0523c05789e775e6e9ed52507d/buildflow-0.0.9.tar.gz
[2023-04-21 00:09:47] INFO root fetch - processPackages [charmr]: executing diffoscope
[2023-04-21 00:09:47] INFO root fetch - processPackages [charmr]: podman run --user 0:0 --rm -w /home/abi/fetcher -v /home/abi/fetcher/tmp:/home/abi/fetcher/tmp:ro -v /home/abi/fetcher/20230421:/home/abi/fetcher/20230421:rw registry.salsa.debian.org/reproducible-builds/diffoscope --no-progress tmp/charmr-1.0.6.tar.gz tmp/charmr-1.0.7.tar.gz --markdown 20230421/c/charmr/1.0.6-1.0.7/diff.md --exclude *.pyd
[2023-04-21 00:09:47] INFO root fetch - processPackages [airflow-metrics-gbq]: executing diffoscope
[2023-04-21 00:09:47] INFO root fetch - processPackages [airflow-metrics-gbq]: podman run --user 0:0 --rm -w /home/abi/fetcher -v /home/abi/fetcher/tmp:/home/abi/fetcher/tmp:ro -v /home/abi/fetcher/20230421:/home/abi/fetcher/20230421:rw registry.salsa.debian.org/reproducible-builds/diffoscope --no-progress tmp/airflow_metrics_gbq-0.0.3a1.tar.gz tmp/airflow_metrics_gbq-0.0.4a0.tar.gz --markdown 20230421/a/airflow-metrics-gbq/0.0.3a1-0.0.4a0/diff.md --exclude *.pyd
[2023-04-21 00:09:47] INFO root fetch - processPackages [volttron-lib-base-historian]: Downloading https://files.pythonhosted.org/packages/5c/6e/3d55e6eb0502d79d3b84b8722eab46f2bd94778f073239b7bcb2d6c08473/volttron_lib_base_historian-0.2.0rc2.tar.gz
[2023-04-21 00:09:47] INFO root fetch - processPackages [buildflow]: executing diffoscope
[2023-04-21 00:09:47] INFO root fetch - processPackages [buildflow]: podman run --user 0:0 --rm -w /home/abi/fetcher -v /home/abi/fetcher/tmp:/home/abi/fetcher/tmp:ro -v /home/abi/fetcher/20230421:/home/abi/fetcher/20230421:rw registry.salsa.debian.org/reproducible-builds/diffoscope --no-progress tmp/buildflow-0.0.8.tar.gz tmp/buildflow-0.0.9.tar.gz --markdown 20230421/b/buildflow/0.0.8-0.0.9/diff.md --exclude *.pyd
[2023-04-21 00:09:47] INFO root fetch - processPackages [canopy-viz]: Downloading https://files.pythonhosted.org/packages/f3/39/6432aaf927972b2dd74b755acb0a44a9fe56120143827b42e8eb3f2df59b/canopy_viz-0.2.tar.gz
[2023-04-21 00:09:47] INFO root fetch - processPackages [odoo-addon-purchase-allowed-product]: executing diffoscope
[2023-04-21 00:09:47] INFO root fetch - processPackages [odoo-addon-purchase-allowed-product]: podman run --user 0:0 --rm -w /home/abi/fetcher -v /home/abi/fetcher/tmp:/home/abi/fetcher/tmp:ro -v /home/abi/fetcher/20230421:/home/abi/fetcher/20230421:rw registry.salsa.debian.org/reproducible-builds/diffoscope --no-progress tmp/odoo_addon_purchase_allowed_product-16.0.1.0.0.6-py3-none-any.whl.zip tmp/odoo_addon_purchase_allowed_product-16.0.2.0.0-py3-none-any.whl.zip --markdown 20230421/o/odoo-addon-purchase-allowed-product/16.0.1.0.0.6-16.0.2.0.0/diff.md --exclude *.pyd
[2023-04-21 00:09:48] INFO root fetch - processPackages [volttron-lib-base-historian]: executing diffoscope
[2023-04-21 00:09:48] INFO root fetch - processPackages [volttron-lib-base-historian]: podman run --user 0:0 --rm -w /home/abi/fetcher -v /home/abi/fetcher/tmp:/home/abi/fetcher/tmp:ro -v /home/abi/fetcher/20230421:/home/abi/fetcher/20230421:rw registry.salsa.debian.org/reproducible-builds/diffoscope --no-progress tmp/volttron_lib_base_historian-0.2.0rc1.tar.gz tmp/volttron_lib_base_historian-0.2.0rc2.tar.gz --markdown 20230421/v/volttron-lib-base-historian/0.2.0rc1-0.2.0rc2/diff.md --exclude *.pyd
[2023-04-21 00:09:48] INFO root fetch - processPackages [canopy-viz]: executing diffoscope
[2023-04-21 00:09:48] INFO root fetch - processPackages [canopy-viz]: podman run --user 0:0 --rm -w /home/abi/fetcher -v /home/abi/fetcher/tmp:/home/abi/fetcher/tmp:ro -v /home/abi/fetcher/20230421:/home/abi/fetcher/20230421:rw registry.salsa.debian.org/reproducible-builds/diffoscope --no-progress tmp/canopy-viz-0.1.2.tar.gz tmp/canopy_viz-0.2.tar.gz --markdown 20230421/c/canopy-viz/0.1.2-0.2/diff.md --exclude *.pyd
[2023-04-21 00:09:49] INFO root fetch - main [MainThread]: End processing [charmr]: success
[2023-04-21 00:09:49] INFO root fetch - main [MainThread]: End processing [pepperize.cdk-serverless-cluster-from-snapshot]: success
[2023-04-21 00:09:49] INFO root fetch - main [MainThread]: End processing [airflow-metrics-gbq]: success
[2023-04-21 00:09:49] INFO root fetch - main [MainThread]: End processing [discord-qalib]: success
[2023-04-21 00:09:49] INFO root fetch - main [MainThread]: End processing [canopy-viz]: success
[2023-04-21 00:09:49] INFO root fetch - main [MainThread]: End processing [volttron-lib-base-historian]: success
[2023-04-21 00:09:49] INFO root fetch - main [MainThread]: End processing [odoo-addon-purchase-allowed-product]: success
[2023-04-21 00:10:03] INFO root fetch - main [MainThread]: End processing [buildflow]: success
[2023-04-21 00:10:03] INFO root fetch - main [MainThread]: Store serial: [17794704]
